f:\projects\gui-tesing-library\src\gtlibrary_csharp\x64\release\vc143.pdb
f:\projects\gui-tesing-library\src\gtlibrary_csharp\x64\release\.netcoreapp,version=v8.0.assemblyattributes.obj
f:\projects\gui-tesing-library\src\gtlibrary_csharp\x64\release\vector2i_cs.obj
f:\projects\gui-tesing-library\src\gtlibrary_csharp\x64\release\vector2f_cs.obj
f:\projects\gui-tesing-library\src\gtlibrary_csharp\x64\release\screenshot_cs.obj
f:\projects\gui-tesing-library\src\gtlibrary_csharp\x64\release\key_cs.obj
f:\projects\gui-tesing-library\src\gtlibrary_csharp\x64\release\imagecomparer_cs.obj
f:\projects\gui-tesing-library\src\gtlibrary_csharp\x64\release\gtwindow_cs.obj
f:\projects\gui-tesing-library\src\gtlibrary_csharp\x64\release\gtsystemversion_cs.obj
f:\projects\gui-tesing-library\src\gtlibrary_csharp\x64\release\gtsystemcontroler_cs.obj
f:\projects\gui-tesing-library\src\gtlibrary_csharp\x64\release\gtscreen_cs.obj
f:\projects\gui-tesing-library\src\gtlibrary_csharp\x64\release\gtprocess_cs.obj
f:\projects\gui-tesing-library\src\gtlibrary_csharp\x64\release\gtmouse_cs.obj
f:\projects\gui-tesing-library\src\gtlibrary_csharp\x64\release\gtkeyboard_cs.obj
f:\projects\gui-tesing-library\src\gtlibrary_csharp\x64\release\converters.obj
f:\projects\gui-tesing-library\src\gtlibrary_csharp\x64\release\color_cs.obj
f:\projects\gui-tesing-library\src\gui-tesing-library\x64\release\gtlibrary_csharp.dll
f:\projects\gui-tesing-library\src\gui-tesing-library\x64\release\gtlibrary_csharp.pdb
f:\projects\gui-tesing-library\src\gtlibrary_csharp\x64\release\gtlibrary_csharp.assets.cache
f:\projects\gui-tesing-library\src\gtlibrary_csharp\x64\release\gtlibrary_csharp.tlog\cl.command.1.tlog
f:\projects\gui-tesing-library\src\gtlibrary_csharp\x64\release\gtlibrary_csharp.tlog\cl.items.tlog
f:\projects\gui-tesing-library\src\gtlibrary_csharp\x64\release\gtlibrary_csharp.tlog\cl.read.1.tlog
f:\projects\gui-tesing-library\src\gtlibrary_csharp\x64\release\gtlibrary_csharp.tlog\cl.write.1.tlog
f:\projects\gui-tesing-library\src\gtlibrary_csharp\x64\release\gtlibrary_csharp.tlog\link.command.1.tlog
f:\projects\gui-tesing-library\src\gtlibrary_csharp\x64\release\gtlibrary_csharp.tlog\link.read.1.tlog
f:\projects\gui-tesing-library\src\gtlibrary_csharp\x64\release\gtlibrary_csharp.tlog\link.secondary.1.tlog
f:\projects\gui-tesing-library\src\gtlibrary_csharp\x64\release\gtlibrary_csharp.tlog\link.write.1.tlog
