  Color_CS.cpp
  Converters.cpp
C:\Program Files\Microsoft Visual Studio\2022\Community\VC\Tools\MSVC\14.43.34808\include\xutility(506,61): error C2665: 'GTWindow::GTWindow': no overloaded function could convert all the argument types
  (compiling source file 'Converters.cpp')
      F:\projects\gui-tesing-library\src\GtLibrary\GTWindow.h(56,1):
      could be 'GTWindow::GTWindow(GTWindow &&)'
          C:\Program Files\Microsoft Visual Studio\2022\Community\VC\Tools\MSVC\14.43.34808\include\xutility(506,61):
          'GTWindow::GTWindow(GTWindow &&)': cannot convert argument 1 from '_Ty' to 'GTWindow &&'
          with
          [
              _Ty=GTWindow *
          ]
              C:\Program Files\Microsoft Visual Studio\2022\Community\VC\Tools\MSVC\14.43.34808\include\xutility(506,82):
              Reason: cannot convert from '_Ty' to 'GTWindow'
          with
          [
              _Ty=GTWindow *
          ]
              C:\Program Files\Microsoft Visual Studio\2022\Community\VC\Tools\MSVC\14.43.34808\include\xutility(506,82):
              No user-defined-conversion operator available that can perform this conversion, or the operator cannot be called
      F:\projects\gui-tesing-library\src\GtLibrary\GTWindow.h(56,1):
      or       'GTWindow::GTWindow(const GTWindow &)'
          C:\Program Files\Microsoft Visual Studio\2022\Community\VC\Tools\MSVC\14.43.34808\include\xutility(506,61):
          'GTWindow::GTWindow(const GTWindow &)': cannot convert argument 1 from '_Ty' to 'const GTWindow &'
          with
          [
              _Ty=GTWindow *
          ]
              C:\Program Files\Microsoft Visual Studio\2022\Community\VC\Tools\MSVC\14.43.34808\include\xutility(506,82):
              Reason: cannot convert from '_Ty' to 'const GTWindow'
          with
          [
              _Ty=GTWindow *
          ]
              C:\Program Files\Microsoft Visual Studio\2022\Community\VC\Tools\MSVC\14.43.34808\include\xutility(506,82):
              No user-defined-conversion operator available that can perform this conversion, or the operator cannot be called
      F:\projects\gui-tesing-library\src\GtLibrary\GTWindow.h(19,5):
      or       'GTWindow::GTWindow(int)'
          C:\Program Files\Microsoft Visual Studio\2022\Community\VC\Tools\MSVC\14.43.34808\include\xutility(506,61):
          'GTWindow::GTWindow(int)': cannot convert argument 1 from '_Ty' to 'int'
          with
          [
              _Ty=GTWindow *
          ]
              C:\Program Files\Microsoft Visual Studio\2022\Community\VC\Tools\MSVC\14.43.34808\include\xutility(506,82):
              There is no context in which this conversion is possible
      C:\Program Files\Microsoft Visual Studio\2022\Community\VC\Tools\MSVC\14.43.34808\include\xutility(506,61):
      while trying to match the argument list '(_Ty)'
          with
          [
              _Ty=GTWindow *
          ]
      C:\Program Files\Microsoft Visual Studio\2022\Community\VC\Tools\MSVC\14.43.34808\include\xutility(506,61):
      the template instantiation context (the oldest one first) is
          F:\projects\gui-tesing-library\src\GTLibrary_CSharp\Converters.h(51,21):
          see reference to function template instantiation 'std::shared_ptr<GTWindow> std::make_shared<GTWindow,GTWindow*>(GTWindow *&&)' being compiled
          C:\Program Files\Microsoft Visual Studio\2022\Community\VC\Tools\MSVC\14.43.34808\include\memory(2903,46):
          see reference to function template instantiation 'std::_Ref_count_obj2<_Ty>::_Ref_count_obj2<GTWindow>(GTWindow &&)' being compiled
          with
          [
              _Ty=GTWindow
          ]
          C:\Program Files\Microsoft Visual Studio\2022\Community\VC\Tools\MSVC\14.43.34808\include\memory(2092,18):
          see reference to function template instantiation 'void std::_Construct_in_place<_Ty,GTWindow>(_Ty &,GTWindow &&) noexcept(false)' being compiled
          with
          [
              _Ty=GTWindow
          ]
  
  GTKeyboard_CS.cpp
C:\Program Files\Microsoft Visual Studio\2022\Community\VC\Tools\MSVC\14.43.34808\include\xutility(506,61): error C2665: 'GTWindow::GTWindow': no overloaded function could convert all the argument types
  (compiling source file 'GTKeyboard_CS.cpp')
      F:\projects\gui-tesing-library\src\GtLibrary\GTWindow.h(56,1):
      could be 'GTWindow::GTWindow(GTWindow &&)'
          C:\Program Files\Microsoft Visual Studio\2022\Community\VC\Tools\MSVC\14.43.34808\include\xutility(506,61):
          'GTWindow::GTWindow(GTWindow &&)': cannot convert argument 1 from '_Ty' to 'GTWindow &&'
          with
          [
              _Ty=GTWindow *
          ]
              C:\Program Files\Microsoft Visual Studio\2022\Community\VC\Tools\MSVC\14.43.34808\include\xutility(506,82):
              Reason: cannot convert from '_Ty' to 'GTWindow'
          with
          [
              _Ty=GTWindow *
          ]
              C:\Program Files\Microsoft Visual Studio\2022\Community\VC\Tools\MSVC\14.43.34808\include\xutility(506,82):
              No user-defined-conversion operator available that can perform this conversion, or the operator cannot be called
      F:\projects\gui-tesing-library\src\GtLibrary\GTWindow.h(56,1):
      or       'GTWindow::GTWindow(const GTWindow &)'
          C:\Program Files\Microsoft Visual Studio\2022\Community\VC\Tools\MSVC\14.43.34808\include\xutility(506,61):
          'GTWindow::GTWindow(const GTWindow &)': cannot convert argument 1 from '_Ty' to 'const GTWindow &'
          with
          [
              _Ty=GTWindow *
          ]
              C:\Program Files\Microsoft Visual Studio\2022\Community\VC\Tools\MSVC\14.43.34808\include\xutility(506,82):
              Reason: cannot convert from '_Ty' to 'const GTWindow'
          with
          [
              _Ty=GTWindow *
          ]
              C:\Program Files\Microsoft Visual Studio\2022\Community\VC\Tools\MSVC\14.43.34808\include\xutility(506,82):
              No user-defined-conversion operator available that can perform this conversion, or the operator cannot be called
      F:\projects\gui-tesing-library\src\GtLibrary\GTWindow.h(19,5):
      or       'GTWindow::GTWindow(int)'
          C:\Program Files\Microsoft Visual Studio\2022\Community\VC\Tools\MSVC\14.43.34808\include\xutility(506,61):
          'GTWindow::GTWindow(int)': cannot convert argument 1 from '_Ty' to 'int'
          with
          [
              _Ty=GTWindow *
          ]
              C:\Program Files\Microsoft Visual Studio\2022\Community\VC\Tools\MSVC\14.43.34808\include\xutility(506,82):
              There is no context in which this conversion is possible
      C:\Program Files\Microsoft Visual Studio\2022\Community\VC\Tools\MSVC\14.43.34808\include\xutility(506,61):
      while trying to match the argument list '(_Ty)'
          with
          [
              _Ty=GTWindow *
          ]
      C:\Program Files\Microsoft Visual Studio\2022\Community\VC\Tools\MSVC\14.43.34808\include\xutility(506,61):
      the template instantiation context (the oldest one first) is
          F:\projects\gui-tesing-library\src\GTLibrary_CSharp\Converters.h(51,21):
          see reference to function template instantiation 'std::shared_ptr<GTWindow> std::make_shared<GTWindow,GTWindow*>(GTWindow *&&)' being compiled
          C:\Program Files\Microsoft Visual Studio\2022\Community\VC\Tools\MSVC\14.43.34808\include\memory(2903,46):
          see reference to function template instantiation 'std::_Ref_count_obj2<_Ty>::_Ref_count_obj2<GTWindow>(GTWindow &&)' being compiled
          with
          [
              _Ty=GTWindow
          ]
          C:\Program Files\Microsoft Visual Studio\2022\Community\VC\Tools\MSVC\14.43.34808\include\memory(2092,18):
          see reference to function template instantiation 'void std::_Construct_in_place<_Ty,GTWindow>(_Ty &,GTWindow &&) noexcept(false)' being compiled
          with
          [
              _Ty=GTWindow
          ]
  
  GTMouse_CS.cpp
C:\Program Files\Microsoft Visual Studio\2022\Community\VC\Tools\MSVC\14.43.34808\include\xutility(506,61): error C2665: 'GTWindow::GTWindow': no overloaded function could convert all the argument types
  (compiling source file 'GTMouse_CS.cpp')
      F:\projects\gui-tesing-library\src\GtLibrary\GTWindow.h(56,1):
      could be 'GTWindow::GTWindow(GTWindow &&)'
          C:\Program Files\Microsoft Visual Studio\2022\Community\VC\Tools\MSVC\14.43.34808\include\xutility(506,61):
          'GTWindow::GTWindow(GTWindow &&)': cannot convert argument 1 from '_Ty' to 'GTWindow &&'
          with
          [
              _Ty=GTWindow *
          ]
              C:\Program Files\Microsoft Visual Studio\2022\Community\VC\Tools\MSVC\14.43.34808\include\xutility(506,82):
              Reason: cannot convert from '_Ty' to 'GTWindow'
          with
          [
              _Ty=GTWindow *
          ]
              C:\Program Files\Microsoft Visual Studio\2022\Community\VC\Tools\MSVC\14.43.34808\include\xutility(506,82):
              No user-defined-conversion operator available that can perform this conversion, or the operator cannot be called
      F:\projects\gui-tesing-library\src\GtLibrary\GTWindow.h(56,1):
      or       'GTWindow::GTWindow(const GTWindow &)'
          C:\Program Files\Microsoft Visual Studio\2022\Community\VC\Tools\MSVC\14.43.34808\include\xutility(506,61):
          'GTWindow::GTWindow(const GTWindow &)': cannot convert argument 1 from '_Ty' to 'const GTWindow &'
          with
          [
              _Ty=GTWindow *
          ]
              C:\Program Files\Microsoft Visual Studio\2022\Community\VC\Tools\MSVC\14.43.34808\include\xutility(506,82):
              Reason: cannot convert from '_Ty' to 'const GTWindow'
          with
          [
              _Ty=GTWindow *
          ]
              C:\Program Files\Microsoft Visual Studio\2022\Community\VC\Tools\MSVC\14.43.34808\include\xutility(506,82):
              No user-defined-conversion operator available that can perform this conversion, or the operator cannot be called
      F:\projects\gui-tesing-library\src\GtLibrary\GTWindow.h(19,5):
      or       'GTWindow::GTWindow(int)'
          C:\Program Files\Microsoft Visual Studio\2022\Community\VC\Tools\MSVC\14.43.34808\include\xutility(506,61):
          'GTWindow::GTWindow(int)': cannot convert argument 1 from '_Ty' to 'int'
          with
          [
              _Ty=GTWindow *
          ]
              C:\Program Files\Microsoft Visual Studio\2022\Community\VC\Tools\MSVC\14.43.34808\include\xutility(506,82):
              There is no context in which this conversion is possible
      C:\Program Files\Microsoft Visual Studio\2022\Community\VC\Tools\MSVC\14.43.34808\include\xutility(506,61):
      while trying to match the argument list '(_Ty)'
          with
          [
              _Ty=GTWindow *
          ]
      C:\Program Files\Microsoft Visual Studio\2022\Community\VC\Tools\MSVC\14.43.34808\include\xutility(506,61):
      the template instantiation context (the oldest one first) is
          F:\projects\gui-tesing-library\src\GTLibrary_CSharp\Converters.h(51,21):
          see reference to function template instantiation 'std::shared_ptr<GTWindow> std::make_shared<GTWindow,GTWindow*>(GTWindow *&&)' being compiled
          C:\Program Files\Microsoft Visual Studio\2022\Community\VC\Tools\MSVC\14.43.34808\include\memory(2903,46):
          see reference to function template instantiation 'std::_Ref_count_obj2<_Ty>::_Ref_count_obj2<GTWindow>(GTWindow &&)' being compiled
          with
          [
              _Ty=GTWindow
          ]
          C:\Program Files\Microsoft Visual Studio\2022\Community\VC\Tools\MSVC\14.43.34808\include\memory(2092,18):
          see reference to function template instantiation 'void std::_Construct_in_place<_Ty,GTWindow>(_Ty &,GTWindow &&) noexcept(false)' being compiled
          with
          [
              _Ty=GTWindow
          ]
  
  GTProcess_CS.cpp
  GTScreen_CS.cpp
C:\Program Files\Microsoft Visual Studio\2022\Community\VC\Tools\MSVC\14.43.34808\include\xutility(506,61): error C2665: 'GTWindow::GTWindow': no overloaded function could convert all the argument types
  (compiling source file 'GTScreen_CS.cpp')
      F:\projects\gui-tesing-library\src\GtLibrary\GTWindow.h(56,1):
      could be 'GTWindow::GTWindow(GTWindow &&)'
          C:\Program Files\Microsoft Visual Studio\2022\Community\VC\Tools\MSVC\14.43.34808\include\xutility(506,61):
          'GTWindow::GTWindow(GTWindow &&)': cannot convert argument 1 from '_Ty' to 'GTWindow &&'
          with
          [
              _Ty=GTWindow *
          ]
              C:\Program Files\Microsoft Visual Studio\2022\Community\VC\Tools\MSVC\14.43.34808\include\xutility(506,82):
              Reason: cannot convert from '_Ty' to 'GTWindow'
          with
          [
              _Ty=GTWindow *
          ]
              C:\Program Files\Microsoft Visual Studio\2022\Community\VC\Tools\MSVC\14.43.34808\include\xutility(506,82):
              No user-defined-conversion operator available that can perform this conversion, or the operator cannot be called
      F:\projects\gui-tesing-library\src\GtLibrary\GTWindow.h(56,1):
      or       'GTWindow::GTWindow(const GTWindow &)'
          C:\Program Files\Microsoft Visual Studio\2022\Community\VC\Tools\MSVC\14.43.34808\include\xutility(506,61):
          'GTWindow::GTWindow(const GTWindow &)': cannot convert argument 1 from '_Ty' to 'const GTWindow &'
          with
          [
              _Ty=GTWindow *
          ]
              C:\Program Files\Microsoft Visual Studio\2022\Community\VC\Tools\MSVC\14.43.34808\include\xutility(506,82):
              Reason: cannot convert from '_Ty' to 'const GTWindow'
          with
          [
              _Ty=GTWindow *
          ]
              C:\Program Files\Microsoft Visual Studio\2022\Community\VC\Tools\MSVC\14.43.34808\include\xutility(506,82):
              No user-defined-conversion operator available that can perform this conversion, or the operator cannot be called
      F:\projects\gui-tesing-library\src\GtLibrary\GTWindow.h(19,5):
      or       'GTWindow::GTWindow(int)'
          C:\Program Files\Microsoft Visual Studio\2022\Community\VC\Tools\MSVC\14.43.34808\include\xutility(506,61):
          'GTWindow::GTWindow(int)': cannot convert argument 1 from '_Ty' to 'int'
          with
          [
              _Ty=GTWindow *
          ]
              C:\Program Files\Microsoft Visual Studio\2022\Community\VC\Tools\MSVC\14.43.34808\include\xutility(506,82):
              There is no context in which this conversion is possible
      C:\Program Files\Microsoft Visual Studio\2022\Community\VC\Tools\MSVC\14.43.34808\include\xutility(506,61):
      while trying to match the argument list '(_Ty)'
          with
          [
              _Ty=GTWindow *
          ]
      C:\Program Files\Microsoft Visual Studio\2022\Community\VC\Tools\MSVC\14.43.34808\include\xutility(506,61):
      the template instantiation context (the oldest one first) is
          F:\projects\gui-tesing-library\src\GTLibrary_CSharp\Converters.h(51,21):
          see reference to function template instantiation 'std::shared_ptr<GTWindow> std::make_shared<GTWindow,GTWindow*>(GTWindow *&&)' being compiled
          C:\Program Files\Microsoft Visual Studio\2022\Community\VC\Tools\MSVC\14.43.34808\include\memory(2903,46):
          see reference to function template instantiation 'std::_Ref_count_obj2<_Ty>::_Ref_count_obj2<GTWindow>(GTWindow &&)' being compiled
          with
          [
              _Ty=GTWindow
          ]
          C:\Program Files\Microsoft Visual Studio\2022\Community\VC\Tools\MSVC\14.43.34808\include\memory(2092,18):
          see reference to function template instantiation 'void std::_Construct_in_place<_Ty,GTWindow>(_Ty &,GTWindow &&) noexcept(false)' being compiled
          with
          [
              _Ty=GTWindow
          ]
  
  GTSystemControler_CS.cpp
C:\Program Files\Microsoft Visual Studio\2022\Community\VC\Tools\MSVC\14.43.34808\include\xutility(506,61): error C2665: 'GTWindow::GTWindow': no overloaded function could convert all the argument types
  (compiling source file 'GTSystemControler_CS.cpp')
      F:\projects\gui-tesing-library\src\GtLibrary\GTWindow.h(56,1):
      could be 'GTWindow::GTWindow(GTWindow &&)'
          C:\Program Files\Microsoft Visual Studio\2022\Community\VC\Tools\MSVC\14.43.34808\include\xutility(506,61):
          'GTWindow::GTWindow(GTWindow &&)': cannot convert argument 1 from '_Ty' to 'GTWindow &&'
          with
          [
              _Ty=GTWindow *
          ]
              C:\Program Files\Microsoft Visual Studio\2022\Community\VC\Tools\MSVC\14.43.34808\include\xutility(506,82):
              Reason: cannot convert from '_Ty' to 'GTWindow'
          with
          [
              _Ty=GTWindow *
          ]
              C:\Program Files\Microsoft Visual Studio\2022\Community\VC\Tools\MSVC\14.43.34808\include\xutility(506,82):
              No user-defined-conversion operator available that can perform this conversion, or the operator cannot be called
      F:\projects\gui-tesing-library\src\GtLibrary\GTWindow.h(56,1):
      or       'GTWindow::GTWindow(const GTWindow &)'
          C:\Program Files\Microsoft Visual Studio\2022\Community\VC\Tools\MSVC\14.43.34808\include\xutility(506,61):
          'GTWindow::GTWindow(const GTWindow &)': cannot convert argument 1 from '_Ty' to 'const GTWindow &'
          with
          [
              _Ty=GTWindow *
          ]
              C:\Program Files\Microsoft Visual Studio\2022\Community\VC\Tools\MSVC\14.43.34808\include\xutility(506,82):
              Reason: cannot convert from '_Ty' to 'const GTWindow'
          with
          [
              _Ty=GTWindow *
          ]
              C:\Program Files\Microsoft Visual Studio\2022\Community\VC\Tools\MSVC\14.43.34808\include\xutility(506,82):
              No user-defined-conversion operator available that can perform this conversion, or the operator cannot be called
      F:\projects\gui-tesing-library\src\GtLibrary\GTWindow.h(19,5):
      or       'GTWindow::GTWindow(int)'
          C:\Program Files\Microsoft Visual Studio\2022\Community\VC\Tools\MSVC\14.43.34808\include\xutility(506,61):
          'GTWindow::GTWindow(int)': cannot convert argument 1 from '_Ty' to 'int'
          with
          [
              _Ty=GTWindow *
          ]
              C:\Program Files\Microsoft Visual Studio\2022\Community\VC\Tools\MSVC\14.43.34808\include\xutility(506,82):
              There is no context in which this conversion is possible
      C:\Program Files\Microsoft Visual Studio\2022\Community\VC\Tools\MSVC\14.43.34808\include\xutility(506,61):
      while trying to match the argument list '(_Ty)'
          with
          [
              _Ty=GTWindow *
          ]
      C:\Program Files\Microsoft Visual Studio\2022\Community\VC\Tools\MSVC\14.43.34808\include\xutility(506,61):
      the template instantiation context (the oldest one first) is
          F:\projects\gui-tesing-library\src\GTLibrary_CSharp\Converters.h(51,21):
          see reference to function template instantiation 'std::shared_ptr<GTWindow> std::make_shared<GTWindow,GTWindow*>(GTWindow *&&)' being compiled
          C:\Program Files\Microsoft Visual Studio\2022\Community\VC\Tools\MSVC\14.43.34808\include\memory(2903,46):
          see reference to function template instantiation 'std::_Ref_count_obj2<_Ty>::_Ref_count_obj2<GTWindow>(GTWindow &&)' being compiled
          with
          [
              _Ty=GTWindow
          ]
          C:\Program Files\Microsoft Visual Studio\2022\Community\VC\Tools\MSVC\14.43.34808\include\memory(2092,18):
          see reference to function template instantiation 'void std::_Construct_in_place<_Ty,GTWindow>(_Ty &,GTWindow &&) noexcept(false)' being compiled
          with
          [
              _Ty=GTWindow
          ]
  
  GTSystemVersion_CS.cpp
  GTWindow_CS.cpp
C:\Program Files\Microsoft Visual Studio\2022\Community\VC\Tools\MSVC\14.43.34808\include\xutility(506,61): error C2665: 'GTWindow::GTWindow': no overloaded function could convert all the argument types
  (compiling source file 'GTWindow_CS.cpp')
      F:\projects\gui-tesing-library\src\GtLibrary\GTWindow.h(56,1):
      could be 'GTWindow::GTWindow(GTWindow &&)'
          C:\Program Files\Microsoft Visual Studio\2022\Community\VC\Tools\MSVC\14.43.34808\include\xutility(506,61):
          'GTWindow::GTWindow(GTWindow &&)': cannot convert argument 1 from '_Ty' to 'GTWindow &&'
          with
          [
              _Ty=GTWindow *
          ]
              C:\Program Files\Microsoft Visual Studio\2022\Community\VC\Tools\MSVC\14.43.34808\include\xutility(506,82):
              Reason: cannot convert from '_Ty' to 'GTWindow'
          with
          [
              _Ty=GTWindow *
          ]
              C:\Program Files\Microsoft Visual Studio\2022\Community\VC\Tools\MSVC\14.43.34808\include\xutility(506,82):
              No user-defined-conversion operator available that can perform this conversion, or the operator cannot be called
      F:\projects\gui-tesing-library\src\GtLibrary\GTWindow.h(56,1):
      or       'GTWindow::GTWindow(const GTWindow &)'
          C:\Program Files\Microsoft Visual Studio\2022\Community\VC\Tools\MSVC\14.43.34808\include\xutility(506,61):
          'GTWindow::GTWindow(const GTWindow &)': cannot convert argument 1 from '_Ty' to 'const GTWindow &'
          with
          [
              _Ty=GTWindow *
          ]
              C:\Program Files\Microsoft Visual Studio\2022\Community\VC\Tools\MSVC\14.43.34808\include\xutility(506,82):
              Reason: cannot convert from '_Ty' to 'const GTWindow'
          with
          [
              _Ty=GTWindow *
          ]
              C:\Program Files\Microsoft Visual Studio\2022\Community\VC\Tools\MSVC\14.43.34808\include\xutility(506,82):
              No user-defined-conversion operator available that can perform this conversion, or the operator cannot be called
      F:\projects\gui-tesing-library\src\GtLibrary\GTWindow.h(19,5):
      or       'GTWindow::GTWindow(int)'
          C:\Program Files\Microsoft Visual Studio\2022\Community\VC\Tools\MSVC\14.43.34808\include\xutility(506,61):
          'GTWindow::GTWindow(int)': cannot convert argument 1 from '_Ty' to 'int'
          with
          [
              _Ty=GTWindow *
          ]
              C:\Program Files\Microsoft Visual Studio\2022\Community\VC\Tools\MSVC\14.43.34808\include\xutility(506,82):
              There is no context in which this conversion is possible
      C:\Program Files\Microsoft Visual Studio\2022\Community\VC\Tools\MSVC\14.43.34808\include\xutility(506,61):
      while trying to match the argument list '(_Ty)'
          with
          [
              _Ty=GTWindow *
          ]
      C:\Program Files\Microsoft Visual Studio\2022\Community\VC\Tools\MSVC\14.43.34808\include\xutility(506,61):
      the template instantiation context (the oldest one first) is
          F:\projects\gui-tesing-library\src\GTLibrary_CSharp\Converters.h(51,21):
          see reference to function template instantiation 'std::shared_ptr<GTWindow> std::make_shared<GTWindow,GTWindow*>(GTWindow *&&)' being compiled
          C:\Program Files\Microsoft Visual Studio\2022\Community\VC\Tools\MSVC\14.43.34808\include\memory(2903,46):
          see reference to function template instantiation 'std::_Ref_count_obj2<_Ty>::_Ref_count_obj2<GTWindow>(GTWindow &&)' being compiled
          with
          [
              _Ty=GTWindow
          ]
          C:\Program Files\Microsoft Visual Studio\2022\Community\VC\Tools\MSVC\14.43.34808\include\memory(2092,18):
          see reference to function template instantiation 'void std::_Construct_in_place<_Ty,GTWindow>(_Ty &,GTWindow &&) noexcept(false)' being compiled
          with
          [
              _Ty=GTWindow
          ]
  
  ImageComparer_CS.cpp
  Key_CS.cpp
  ScreenShot_CS.cpp
  Vector2f_CS.cpp
  Vector2i_CS.cpp
  .NETCoreApp,Version=v8.0.AssemblyAttributes.cpp
  Generating Code...
