f:\projects\gui-tesing-library\src\gtlibrary_csharp\x64\debug\vc143.pdb
f:\projects\gui-tesing-library\src\gtlibrary_csharp\x64\debug\.netcoreapp,version=v8.0.assemblyattributes.obj
f:\projects\gui-tesing-library\src\gtlibrary_csharp\x64\debug\vector2i_cs.obj
f:\projects\gui-tesing-library\src\gtlibrary_csharp\x64\debug\vector2f_cs.obj
f:\projects\gui-tesing-library\src\gtlibrary_csharp\x64\debug\screenshot_cs.obj
f:\projects\gui-tesing-library\src\gtlibrary_csharp\x64\debug\key_cs.obj
f:\projects\gui-tesing-library\src\gtlibrary_csharp\x64\debug\imagecomparer_cs.obj
f:\projects\gui-tesing-library\src\gtlibrary_csharp\x64\debug\gtwindow_cs.obj
f:\projects\gui-tesing-library\src\gtlibrary_csharp\x64\debug\gtsystemversion_cs.obj
f:\projects\gui-tesing-library\src\gtlibrary_csharp\x64\debug\gtsystemcontroler_cs.obj
f:\projects\gui-tesing-library\src\gtlibrary_csharp\x64\debug\gtscreen_cs.obj
f:\projects\gui-tesing-library\src\gtlibrary_csharp\x64\debug\gtprocess_cs.obj
f:\projects\gui-tesing-library\src\gtlibrary_csharp\x64\debug\gtmouse_cs.obj
f:\projects\gui-tesing-library\src\gtlibrary_csharp\x64\debug\gtkeyboard_cs.obj
f:\projects\gui-tesing-library\src\gtlibrary_csharp\x64\debug\converters.obj
f:\projects\gui-tesing-library\src\gtlibrary_csharp\x64\debug\color_cs.obj
f:\projects\gui-tesing-library\src\gui-tesing-library\x64\debug\gtlibrary_csharp.dll
f:\projects\gui-tesing-library\src\gui-tesing-library\x64\debug\gtlibrary_csharp.pdb
f:\projects\gui-tesing-library\src\gtlibrary_csharp\x64\debug\gtlibrary_csharp.assets.cache
f:\projects\gui-tesing-library\src\gtlibrary_csharp\x64\debug\gtlibrary_csharp.tlog\cl.command.1.tlog
f:\projects\gui-tesing-library\src\gtlibrary_csharp\x64\debug\gtlibrary_csharp.tlog\cl.items.tlog
f:\projects\gui-tesing-library\src\gtlibrary_csharp\x64\debug\gtlibrary_csharp.tlog\cl.read.1.tlog
f:\projects\gui-tesing-library\src\gtlibrary_csharp\x64\debug\gtlibrary_csharp.tlog\cl.write.1.tlog
f:\projects\gui-tesing-library\src\gtlibrary_csharp\x64\debug\gtlibrary_csharp.tlog\link.command.1.tlog
f:\projects\gui-tesing-library\src\gtlibrary_csharp\x64\debug\gtlibrary_csharp.tlog\link.read.1.tlog
f:\projects\gui-tesing-library\src\gtlibrary_csharp\x64\debug\gtlibrary_csharp.tlog\link.secondary.1.tlog
f:\projects\gui-tesing-library\src\gtlibrary_csharp\x64\debug\gtlibrary_csharp.tlog\link.write.1.tlog
