  Color_CS.cpp
  Converters.cpp
  GTKeyboard_CS.cpp
  GTMouse_CS.cpp
  GTProcess_CS.cpp
  GTScreen_CS.cpp
  GTSystemControler_CS.cpp
  GTSystemVersion_CS.cpp
  GTWindow_CS.cpp
  ImageComparer_CS.cpp
  Key_CS.cpp
  ScreenShot_CS.cpp
  Vector2f_CS.cpp
  Vector2i_CS.cpp
  .NETCoreApp,Version=v8.0.AssemblyAttributes.cpp
  Generating Code...
D:\proejcts\gui-tesing-library\gui-tesing-library\src\GTLibrary_CSharp\Converters.h(80,1): warning C4717: 'Converters::WindowToWindowCs': recursive on all control paths, function will cause runtime stack overflow
D:\proejcts\gui-tesing-library\gui-tesing-library\src\GTLibrary_CSharp\Converters.h(75,1): warning C4717: 'Converters::ProcessToProcessCS': recursive on all control paths, function will cause runtime stack overflow
D:\proejcts\gui-tesing-library\gui-tesing-library\src\GTLibrary_CSharp\Converters.h(80,1): warning C4717: 'Converters::WindowToWindowCs': recursive on all control paths, function will cause runtime stack overflow
D:\proejcts\gui-tesing-library\gui-tesing-library\src\GTLibrary_CSharp\Converters.h(75,1): warning C4717: 'Converters::ProcessToProcessCS': recursive on all control paths, function will cause runtime stack overflow
D:\proejcts\gui-tesing-library\gui-tesing-library\src\GTLibrary_CSharp\Converters.h(80,1): warning C4717: 'Converters::WindowToWindowCs': recursive on all control paths, function will cause runtime stack overflow
D:\proejcts\gui-tesing-library\gui-tesing-library\src\GTLibrary_CSharp\Converters.h(75,1): warning C4717: 'Converters::ProcessToProcessCS': recursive on all control paths, function will cause runtime stack overflow
D:\proejcts\gui-tesing-library\gui-tesing-library\src\GTLibrary_CSharp\Converters.h(80,1): warning C4717: 'Converters::WindowToWindowCs': recursive on all control paths, function will cause runtime stack overflow
D:\proejcts\gui-tesing-library\gui-tesing-library\src\GTLibrary_CSharp\Converters.h(75,1): warning C4717: 'Converters::ProcessToProcessCS': recursive on all control paths, function will cause runtime stack overflow
D:\proejcts\gui-tesing-library\gui-tesing-library\src\GTLibrary_CSharp\Converters.h(80,1): warning C4717: 'Converters::WindowToWindowCs': recursive on all control paths, function will cause runtime stack overflow
D:\proejcts\gui-tesing-library\gui-tesing-library\src\GTLibrary_CSharp\Converters.h(75,1): warning C4717: 'Converters::ProcessToProcessCS': recursive on all control paths, function will cause runtime stack overflow
D:\proejcts\gui-tesing-library\gui-tesing-library\src\GTLibrary_CSharp\Converters.h(80,1): warning C4717: 'Converters::WindowToWindowCs': recursive on all control paths, function will cause runtime stack overflow
D:\proejcts\gui-tesing-library\gui-tesing-library\src\GTLibrary_CSharp\Converters.h(75,1): warning C4717: 'Converters::ProcessToProcessCS': recursive on all control paths, function will cause runtime stack overflow
  Color_CS.obj : MSIL module encountered; incremental linking is disabled for MSIL; performing full link
GtLibrary.lib(SystemCalls.obj) : warning LNK4075: ignoring '/EDITANDCONTINUE' due to '/INCREMENTAL:NO' specification
  GTLibrary_CSharp.vcxproj -> D:\proejcts\gui-tesing-library\gui-tesing-library\src\gui-tesing-library\x64\Debug\GTLibrary_CSharp.dll
