  pch.cpp
  Color.cpp
  Configuration.cpp
  GTKeyboad.cpp
  GtLibrary.cpp
  GTMouse.cpp
  GTProcess.cpp
  GTScreen.cpp
  GTScreenshot.cpp
F:\projects\gui-tesing-library\src\GtLibrary\GTScreenshot.cpp(11,23): warning C4267: 'return': conversion from 'size_t' to 'int', possible loss of data
  (compiling source file '/GTScreenshot.cpp')
  
F:\projects\gui-tesing-library\src\GtLibrary\GTScreenshot.cpp(15,24): warning C4267: 'return': conversion from 'size_t' to 'int', possible loss of data
  (compiling source file '/GTScreenshot.cpp')
  
  GTSystem.cpp
  GTSystemVersion.cpp
  GTWindow.cpp
  Helpers.cpp
  ISystemCalls.cpp
  Key.cpp
  SystemCalls.cpp
F:\projects\gui-tesing-library\src\GtLibrary\SystemCalls.cpp(78,20): warning C4312: 'reinterpret_cast': conversion from 'int' to 'HWND' of greater size
  (compiling source file '/SystemCalls.cpp')
  
F:\projects\gui-tesing-library\src\GtLibrary\SystemCalls.cpp(82,20): warning C4312: 'reinterpret_cast': conversion from 'int' to 'HWND' of greater size
  (compiling source file '/SystemCalls.cpp')
  
  SystemCallsFactory.cpp
  Vector2f.cpp
  Vector2i.cpp
  GtLibrary.vcxproj -> F:\projects\gui-tesing-library\src\gui-tesing-library\x64\Release\GtLibrary.lib
