f:\projects\gui-tesing-library\src\gtlibrary\x64\release\gtlibrary.pch
f:\projects\gui-tesing-library\src\gui-tesing-library\x64\release\gtlibrary.pdb
f:\projects\gui-tesing-library\src\gtlibrary\x64\release\pch.obj
f:\projects\gui-tesing-library\src\gtlibrary\x64\release\vector2i.obj
f:\projects\gui-tesing-library\src\gtlibrary\x64\release\vector2f.obj
f:\projects\gui-tesing-library\src\gtlibrary\x64\release\systemcallsfactory.obj
f:\projects\gui-tesing-library\src\gtlibrary\x64\release\systemcalls.obj
f:\projects\gui-tesing-library\src\gtlibrary\x64\release\key.obj
f:\projects\gui-tesing-library\src\gtlibrary\x64\release\isystemcalls.obj
f:\projects\gui-tesing-library\src\gtlibrary\x64\release\helpers.obj
f:\projects\gui-tesing-library\src\gtlibrary\x64\release\gtwindow.obj
f:\projects\gui-tesing-library\src\gtlibrary\x64\release\gtsystemversion.obj
f:\projects\gui-tesing-library\src\gtlibrary\x64\release\gtsystem.obj
f:\projects\gui-tesing-library\src\gtlibrary\x64\release\gtscreenshot.obj
f:\projects\gui-tesing-library\src\gtlibrary\x64\release\gtscreen.obj
f:\projects\gui-tesing-library\src\gtlibrary\x64\release\gtprocess.obj
f:\projects\gui-tesing-library\src\gtlibrary\x64\release\gtmouse.obj
f:\projects\gui-tesing-library\src\gtlibrary\x64\release\gtlibrary.obj
f:\projects\gui-tesing-library\src\gtlibrary\x64\release\gtkeyboad.obj
f:\projects\gui-tesing-library\src\gtlibrary\x64\release\configuration.obj
f:\projects\gui-tesing-library\src\gtlibrary\x64\release\color.obj
f:\projects\gui-tesing-library\src\gui-tesing-library\x64\release\gtlibrary.lib
f:\projects\gui-tesing-library\src\gtlibrary\x64\release\gtlibrary.res
f:\projects\gui-tesing-library\src\gtlibrary\x64\release\gtlibrary.tlog\cl.command.1.tlog
f:\projects\gui-tesing-library\src\gtlibrary\x64\release\gtlibrary.tlog\cl.items.tlog
f:\projects\gui-tesing-library\src\gtlibrary\x64\release\gtlibrary.tlog\cl.read.1.tlog
f:\projects\gui-tesing-library\src\gtlibrary\x64\release\gtlibrary.tlog\cl.write.1.tlog
f:\projects\gui-tesing-library\src\gtlibrary\x64\release\gtlibrary.tlog\lib-link-cvtres.read.1.tlog
f:\projects\gui-tesing-library\src\gtlibrary\x64\release\gtlibrary.tlog\lib-link-cvtres.write.1.tlog
f:\projects\gui-tesing-library\src\gtlibrary\x64\release\gtlibrary.tlog\lib.command.1.tlog
f:\projects\gui-tesing-library\src\gtlibrary\x64\release\gtlibrary.tlog\rc.command.1.tlog
f:\projects\gui-tesing-library\src\gtlibrary\x64\release\gtlibrary.tlog\rc.read.1.tlog
f:\projects\gui-tesing-library\src\gtlibrary\x64\release\gtlibrary.tlog\rc.write.1.tlog
