c:\1id21a\fb\gui-tesing-library-24-stworzenie-dll-from-library\src\gtlibrary\x64\debug\gtlibrary.pch
c:\1id21a\fb\gui-tesing-library-24-stworzenie-dll-from-library\src\gui-tesing-library\x64\debug\gtlibrary.pdb
c:\1id21a\fb\gui-tesing-library-24-stworzenie-dll-from-library\src\gui-tesing-library\x64\debug\gtlibrary.idb
c:\1id21a\fb\gui-tesing-library-24-stworzenie-dll-from-library\src\gtlibrary\x64\debug\pch.obj
c:\1id21a\fb\gui-tesing-library-24-stworzenie-dll-from-library\src\gtlibrary\x64\debug\vector2i.obj
c:\1id21a\fb\gui-tesing-library-24-stworzenie-dll-from-library\src\gtlibrary\x64\debug\vector2f.obj
c:\1id21a\fb\gui-tesing-library-24-stworzenie-dll-from-library\src\gtlibrary\x64\debug\systemcallsfactory.obj
c:\1id21a\fb\gui-tesing-library-24-stworzenie-dll-from-library\src\gtlibrary\x64\debug\systemcalls.obj
c:\1id21a\fb\gui-tesing-library-24-stworzenie-dll-from-library\src\gtlibrary\x64\debug\key.obj
c:\1id21a\fb\gui-tesing-library-24-stworzenie-dll-from-library\src\gtlibrary\x64\debug\isystemcalls.obj
c:\1id21a\fb\gui-tesing-library-24-stworzenie-dll-from-library\src\gtlibrary\x64\debug\gtwindow.obj
c:\1id21a\fb\gui-tesing-library-24-stworzenie-dll-from-library\src\gtlibrary\x64\debug\gtsystemversion.obj
c:\1id21a\fb\gui-tesing-library-24-stworzenie-dll-from-library\src\gtlibrary\x64\debug\gtsystem.obj
c:\1id21a\fb\gui-tesing-library-24-stworzenie-dll-from-library\src\gtlibrary\x64\debug\gtscreenshot.obj
c:\1id21a\fb\gui-tesing-library-24-stworzenie-dll-from-library\src\gtlibrary\x64\debug\gtscreen.obj
c:\1id21a\fb\gui-tesing-library-24-stworzenie-dll-from-library\src\gtlibrary\x64\debug\gtprocess.obj
c:\1id21a\fb\gui-tesing-library-24-stworzenie-dll-from-library\src\gtlibrary\x64\debug\gtmouse.obj
c:\1id21a\fb\gui-tesing-library-24-stworzenie-dll-from-library\src\gtlibrary\x64\debug\gtlibrary.obj
c:\1id21a\fb\gui-tesing-library-24-stworzenie-dll-from-library\src\gtlibrary\x64\debug\gtkeyboad.obj
c:\1id21a\fb\gui-tesing-library-24-stworzenie-dll-from-library\src\gtlibrary\x64\debug\color.obj
c:\1id21a\fb\gui-tesing-library-24-stworzenie-dll-from-library\src\gui-tesing-library\x64\debug\gtlibrary.lib
c:\1id21a\fb\gui-tesing-library-24-stworzenie-dll-from-library\src\gtlibrary\x64\debug\gtlibrary.res
c:\1id21a\fb\gui-tesing-library-24-stworzenie-dll-from-library\src\gtlibrary\x64\debug\gtlibrary.tlog\cl.command.1.tlog
c:\1id21a\fb\gui-tesing-library-24-stworzenie-dll-from-library\src\gtlibrary\x64\debug\gtlibrary.tlog\cl.items.tlog
c:\1id21a\fb\gui-tesing-library-24-stworzenie-dll-from-library\src\gtlibrary\x64\debug\gtlibrary.tlog\cl.read.1.tlog
c:\1id21a\fb\gui-tesing-library-24-stworzenie-dll-from-library\src\gtlibrary\x64\debug\gtlibrary.tlog\cl.write.1.tlog
c:\1id21a\fb\gui-tesing-library-24-stworzenie-dll-from-library\src\gtlibrary\x64\debug\gtlibrary.tlog\lib-link-cvtres.read.1.tlog
c:\1id21a\fb\gui-tesing-library-24-stworzenie-dll-from-library\src\gtlibrary\x64\debug\gtlibrary.tlog\lib-link-cvtres.write.1.tlog
c:\1id21a\fb\gui-tesing-library-24-stworzenie-dll-from-library\src\gtlibrary\x64\debug\gtlibrary.tlog\lib.command.1.tlog
c:\1id21a\fb\gui-tesing-library-24-stworzenie-dll-from-library\src\gtlibrary\x64\debug\gtlibrary.tlog\rc.command.1.tlog
c:\1id21a\fb\gui-tesing-library-24-stworzenie-dll-from-library\src\gtlibrary\x64\debug\gtlibrary.tlog\rc.read.1.tlog
c:\1id21a\fb\gui-tesing-library-24-stworzenie-dll-from-library\src\gtlibrary\x64\debug\gtlibrary.tlog\rc.write.1.tlog
