  pch.cpp
  Color.cpp
  GTKeyboad.cpp
  GtLibrary.cpp
  GTMouse.cpp
  GTProcess.cpp
  GTScreen.cpp
  GTScreenshot.cpp
  GTSystem.cpp
C:\1id21a\fb\gui-tesing-library-24-stworzenie-dll-from-library\src\GtLibrary\GTScreenshot.cpp(12,23): warning C4267: 'return': conversion from 'size_t' to 'int', possible loss of data
  (compiling source file '/GTScreenshot.cpp')
  
C:\1id21a\fb\gui-tesing-library-24-stworzenie-dll-from-library\src\GtLibrary\GTScreenshot.cpp(16,24): warning C4267: 'return': conversion from 'size_t' to 'int', possible loss of data
  (compiling source file '/GTScreenshot.cpp')
  
  GTSystemVersion.cpp
  GTWindow.cpp
  ISystemCalls.cpp
  Key.cpp
  SystemCalls.cpp
  SystemCallsFactory.cpp
  Vector2f.cpp
  Vector2i.cpp
  Generating Code...
  GtLibrary.vcxproj -> C:\1id21a\fb\gui-tesing-library-24-stworzenie-dll-from-library\src\gui-tesing-library\x64\Debug\GtLibrary.lib
